<?xml version="1.0" encoding="UTF-8"?>
<!-- Generated by org.testng.reporters.JUnitXMLReporter -->
<testsuite ignored="0" hostname="LAPTOP-VFKJ2SC9" failures="0" tests="6" name="Test" time="0.153" errors="0" timestamp="2022-08-18T01:40:44 IST">
  <testcase classname="ABCD.AppTest2" name="homeLoanHomePage" time="0.01"/>
  <testcase classname="ABCD.AppTest2" name="homeLoanlogout" time="0.004"/>
  <testcase classname="ABCD.AppTest3" name="carLoanHomepage" time="0.006"/>
  <testcase classname="ABCD.AppTest3" name="carLoanlogin" time="0.002"/>
  <testcase classname="ABCD.AppTest3" name="carLoanlogout" time="0.002"/>
  <testcase classname="ABCD.AppTest" name="shouldAnswerWithTrue" time="0.006"/>
</testsuite> <!-- Test -->
