<?xml version="1.0" encoding="UTF-8"?>
<testng-results ignored="0" total="6" passed="6" failed="0" skipped="0">
  <reporter-output>
  </reporter-output>
  <suite started-at="2022-08-18T01:40:44 IST" name="Suite" finished-at="2022-08-18T01:40:44 IST" duration-ms="153">
    <groups>
    </groups>
    <test started-at="2022-08-18T01:40:44 IST" name="Test" finished-at="2022-08-18T01:40:44 IST" duration-ms="153">
      <class name="ABCD.AppTest3">
        <test-method is-config="true" signature="ServerConnection()[pri:0, instance:ABCD.AppTest3@247d8ae]" started-at="2022-08-18T01:40:44 IST" name="ServerConnection" finished-at="2022-08-18T01:40:44 IST" duration-ms="18" status="PASS">
          <reporter-output>
          </reporter-output>
        </test-method> <!-- ServerConnection -->
        <test-method signature="carLoanHomepage()[pri:0, instance:ABCD.AppTest3@247d8ae]" started-at="2022-08-18T01:40:44 IST" name="carLoanHomepage" finished-at="2022-08-18T01:40:44 IST" duration-ms="6" status="PASS">
          <reporter-output>
          </reporter-output>
        </test-method> <!-- carLoanHomepage -->
        <test-method is-config="true" signature="LoanSuccessful()[pri:0, instance:ABCD.AppTest3@247d8ae]" started-at="2022-08-18T01:40:44 IST" name="LoanSuccessful" finished-at="2022-08-18T01:40:44 IST" duration-ms="0" status="PASS">
          <reporter-output>
          </reporter-output>
        </test-method> <!-- LoanSuccessful -->
        <test-method signature="carLoanlogin()[pri:0, instance:ABCD.AppTest3@247d8ae]" started-at="2022-08-18T01:40:44 IST" name="carLoanlogin" finished-at="2022-08-18T01:40:44 IST" duration-ms="2" status="PASS">
          <reporter-output>
          </reporter-output>
        </test-method> <!-- carLoanlogin -->
        <test-method is-config="true" signature="LoanSuccessful()[pri:0, instance:ABCD.AppTest3@247d8ae]" started-at="2022-08-18T01:40:44 IST" name="LoanSuccessful" finished-at="2022-08-18T01:40:44 IST" duration-ms="1" status="PASS">
          <reporter-output>
          </reporter-output>
        </test-method> <!-- LoanSuccessful -->
        <test-method signature="carLoanlogout()[pri:0, instance:ABCD.AppTest3@247d8ae]" started-at="2022-08-18T01:40:44 IST" name="carLoanlogout" finished-at="2022-08-18T01:40:44 IST" duration-ms="2" status="PASS">
          <reporter-output>
          </reporter-output>
        </test-method> <!-- carLoanlogout -->
        <test-method is-config="true" signature="LoanSuccessful()[pri:0, instance:ABCD.AppTest3@247d8ae]" started-at="2022-08-18T01:40:44 IST" name="LoanSuccessful" finished-at="2022-08-18T01:40:44 IST" duration-ms="3" status="PASS">
          <reporter-output>
          </reporter-output>
        </test-method> <!-- LoanSuccessful -->
        <test-method is-config="true" signature="beforeTest()[pri:0, instance:ABCD.AppTest3@247d8ae]" started-at="2022-08-18T01:40:44 IST" name="beforeTest" finished-at="2022-08-18T01:40:44 IST" duration-ms="0" status="PASS">
          <reporter-output>
          </reporter-output>
        </test-method> <!-- beforeTest -->
      </class> <!-- ABCD.AppTest3 -->
      <class name="ABCD.AppTest">
        <test-method signature="shouldAnswerWithTrue()[pri:0, instance:ABCD.AppTest@48974e45]" started-at="2022-08-18T01:40:44 IST" name="shouldAnswerWithTrue" finished-at="2022-08-18T01:40:44 IST" duration-ms="6" status="PASS">
          <reporter-output>
          </reporter-output>
        </test-method> <!-- shouldAnswerWithTrue -->
      </class> <!-- ABCD.AppTest -->
      <class name="ABCD.AppTest2">
        <test-method is-config="true" signature="homeLoanlogin()[pri:0, instance:ABCD.AppTest2@26275bef]" started-at="2022-08-18T01:40:44 IST" name="homeLoanlogin" finished-at="2022-08-18T01:40:44 IST" duration-ms="1" status="PASS">
          <reporter-output>
          </reporter-output>
        </test-method> <!-- homeLoanlogin -->
        <test-method signature="homeLoanHomePage()[pri:0, instance:ABCD.AppTest2@26275bef]" started-at="2022-08-18T01:40:44 IST" name="homeLoanHomePage" finished-at="2022-08-18T01:40:44 IST" duration-ms="10" status="PASS">
          <reporter-output>
          </reporter-output>
        </test-method> <!-- homeLoanHomePage -->
        <test-method is-config="true" signature="homeLoanlogin()[pri:0, instance:ABCD.AppTest2@26275bef]" started-at="2022-08-18T01:40:44 IST" name="homeLoanlogin" finished-at="2022-08-18T01:40:44 IST" duration-ms="2" status="PASS">
          <reporter-output>
          </reporter-output>
        </test-method> <!-- homeLoanlogin -->
        <test-method signature="homeLoanlogout()[pri:0, instance:ABCD.AppTest2@26275bef]" started-at="2022-08-18T01:40:44 IST" name="homeLoanlogout" finished-at="2022-08-18T01:40:44 IST" duration-ms="4" status="PASS">
          <reporter-output>
          </reporter-output>
        </test-method> <!-- homeLoanlogout -->
      </class> <!-- ABCD.AppTest2 -->
    </test> <!-- Test -->
  </suite> <!-- Suite -->
</testng-results>
